<?xml version="1.0" encoding="UTF-8"?>
<!-- Generated by org.testng.reporters.JUnitReportReporter -->
<testsuite hostname="NavinMessi" failures="0" tests="3" name="com.testNG.Parallel_Testing" time="0.069" errors="0" timestamp="2022-03-14T05:47:29 IST" skipped="0">
  <testcase classname="com.testNG.Parallel_Testing" name="print3" time="0.023"/>
  <system-out/>
  <testcase classname="com.testNG.Parallel_Testing" name="print1" time="0.023"/>
  <system-out/>
  <testcase classname="com.testNG.Parallel_Testing" name="print2" time="0.023"/>
  <system-out/>
</testsuite> <!-- com.testNG.Parallel_Testing -->
