<?xml version="1.0" encoding="UTF-8"?>
<!-- Generated by org.testng.reporters.JUnitReportReporter -->
<testsuite hostname="NavinMessi" failures="0" tests="1" name="com.testNG.Timeout_Concept" time="7.057" errors="0" timestamp="2022-03-14T02:27:40 IST" skipped="0">
  <testcase classname="com.testNG.Timeout_Concept" name="login" time="7.057"/>
  <system-out/>
</testsuite> <!-- com.testNG.Timeout_Concept -->
