<?xml version="1.0" encoding="UTF-8"?>
<!-- Generated by org.testng.reporters.JUnitReportReporter -->
<testsuite hostname="NavinMessi" failures="0" tests="1" name="com.testNG.Soft_Assert_Concept" time="0.048" errors="0" timestamp="2022-03-14T06:56:54 IST" skipped="0">
  <testcase classname="com.testNG.Soft_Assert_Concept" name="empId" time="0.048"/>
  <system-out/>
</testsuite> <!-- com.testNG.Soft_Assert_Concept -->
