<?xml version="1.0" encoding="UTF-8"?>
<!-- Generated by org.testng.reporters.JUnitReportReporter -->
<testsuite hostname="NavinMessi" failures="0" tests="2" name="com.testNG.Dependency_Concept" time="0.023" errors="0" timestamp="2022-03-14T02:17:46 IST" skipped="0">
  <testcase classname="com.testNG.Dependency_Concept" name="vote" time="0.001"/>
  <system-out/>
  <testcase classname="com.testNG.Dependency_Concept" name="eligibleToVote" time="0.022"/>
  <system-out/>
</testsuite> <!-- com.testNG.Dependency_Concept -->
