<?xml version="1.0" encoding="UTF-8"?>
<!-- Generated by org.testng.reporters.JUnitReportReporter -->
<testsuite hostname="NavinMessi" failures="0" tests="3" name="com.testNG.Simple_Annotation" time="0.011" errors="0" timestamp="2022-03-14T00:59:06 IST" skipped="0">
  <testcase classname="com.testNG.Simple_Annotation" name="women" time="0.003"/>
  <system-out/>
  <testcase classname="com.testNG.Simple_Annotation" name="men" time="0.001"/>
  <system-out/>
  <testcase classname="com.testNG.Simple_Annotation" name="kids" time="0.007"/>
  <system-out/>
</testsuite> <!-- com.testNG.Simple_Annotation -->
