<?xml version="1.0" encoding="UTF-8"?>
<!-- Generated by org.testng.reporters.JUnitReportReporter -->
<testsuite hostname="NavinMessi" failures="0" tests="7" name="com.testNG.Priority_Concept" time="0.013" errors="0" timestamp="2022-03-14T01:19:01 IST" skipped="0">
  <testcase classname="com.testNG.Priority_Concept" name="women" time="0.009"/>
  <system-out/>
  <testcase classname="com.testNG.Priority_Concept" name="men" time="0.001"/>
  <system-out/>
  <testcase classname="com.testNG.Priority_Concept" name="men" time="0.001"/>
  <system-out/>
  <testcase classname="com.testNG.Priority_Concept" name="men" time="0.000"/>
  <system-out/>
  <testcase classname="com.testNG.Priority_Concept" name="men" time="0.000"/>
  <system-out/>
  <testcase classname="com.testNG.Priority_Concept" name="kids" time="0.001"/>
  <system-out/>
  <testcase classname="com.testNG.Priority_Concept" name="men" time="0.001"/>
  <system-out/>
</testsuite> <!-- com.testNG.Priority_Concept -->
