<?xml version="1.0" encoding="UTF-8"?>
<!-- Generated by org.testng.reporters.JUnitReportReporter -->
<testsuite hostname="NavinMessi" failures="0" tests="1" name="com.testNG.ExpectedException_Concept" time="0.038" errors="0" timestamp="2022-03-14T02:30:13 IST" skipped="0">
  <testcase classname="com.testNG.ExpectedException_Concept" name="demo" time="0.038"/>
  <system-out/>
</testsuite> <!-- com.testNG.ExpectedException_Concept -->
