<?xml version="1.0" encoding="UTF-8"?>
<!-- Generated by org.testng.reporters.JUnitReportReporter -->
<testsuite hostname="NavinMessi" failures="0" tests="1" name="com.testNG.Hard_Assert_Concept" time="0.042" errors="0" timestamp="2022-03-14T06:51:59 IST" skipped="0">
  <testcase classname="com.testNG.Hard_Assert_Concept" name="empName" time="0.042"/>
  <system-out/>
</testsuite> <!-- com.testNG.Hard_Assert_Concept -->
