<?xml version="1.0" encoding="UTF-8"?>
<!-- Generated by org.testng.reporters.JUnitReportReporter -->
<testsuite hostname="NavinMessi" failures="0" tests="7" name="com.testNG.Grouping_Concept" time="0.021" errors="0" timestamp="2022-03-14T07:05:50 IST" skipped="0">
  <testcase classname="com.testNG.Grouping_Concept" name="apple" time="0.015"/>
  <system-out/>
  <testcase classname="com.testNG.Grouping_Concept" name="carrot" time="0.000"/>
  <system-out/>
  <testcase classname="com.testNG.Grouping_Concept" name="car" time="0.001"/>
  <system-out/>
  <testcase classname="com.testNG.Grouping_Concept" name="mango" time="0.000"/>
  <system-out/>
  <testcase classname="com.testNG.Grouping_Concept" name="tomato" time="0.002"/>
  <system-out/>
  <testcase classname="com.testNG.Grouping_Concept" name="onion" time="0.001"/>
  <system-out/>
  <testcase classname="com.testNG.Grouping_Concept" name="bike" time="0.002"/>
  <system-out/>
</testsuite> <!-- com.testNG.Grouping_Concept -->
