<?xml version="1.0" encoding="UTF-8"?>
<!-- Generated by org.testng.reporters.JUnitReportReporter -->
<testsuite hostname="NavinMessi" failures="0" tests="1" name="com.testNG.Parameterized_Concept" time="0.016" errors="0" timestamp="2022-03-14T05:42:05 IST" skipped="0">
  <testcase classname="com.testNG.Parameterized_Concept" name="credentials" time="0.016"/>
  <system-out/>
</testsuite> <!-- com.testNG.Parameterized_Concept -->
