<?xml version="1.0" encoding="UTF-8"?>
<!-- Generated by org.testng.reporters.JUnitReportReporter -->
<testsuite hostname="NavinMessi" failures="0" tests="3" name="com.testNG.Ignore_Concept" time="0.010" errors="0" timestamp="2022-03-14T01:15:36 IST" skipped="1">
  <testcase classname="com.testNG.Ignore_Concept" name="mango" time="0.000"/>
  <system-out/>
  <testcase classname="com.testNG.Ignore_Concept" name="carrot" time="0.010"/>
  <system-out/>
  <testcase classname="com.testNG.Ignore_Concept" name="tomato">
    <skipped/>
  </testcase> <!-- tomato -->
  <system-out/>
</testsuite> <!-- com.testNG.Ignore_Concept -->
