<?xml version="1.0" encoding="UTF-8"?>
<!-- Generated by org.testng.reporters.JUnitReportReporter -->
<testsuite hostname="NavinMessi" failures="0" tests="4" name="com.testNG.Dataprovider_Concept" time="0.022" errors="0" timestamp="2022-03-14T05:42:55 IST" skipped="0">
  <testcase classname="com.testNG.Dataprovider_Concept" name="flipkart" time="0.004"/>
  <system-out/>
  <testcase classname="com.testNG.Dataprovider_Concept" name="amazon" time="0.003"/>
  <system-out/>
  <testcase classname="com.testNG.Dataprovider_Concept" name="flipkart" time="0.003"/>
  <system-out/>
  <testcase classname="com.testNG.Dataprovider_Concept" name="amazon" time="0.012"/>
  <system-out/>
</testsuite> <!-- com.testNG.Dataprovider_Concept -->
